<?xml version="1.0" encoding="UTF-8"?>
<testsuite name="com.example.ServerTest" tests="1" skipped="0" failures="0" errors="0" timestamp="2026-05-16T11:40:25.997Z" hostname="DESKTOP-LKOL1HQ" time="1.056">
  <properties/>
  <testcase name="test root endpoint" classname="com.example.ServerTest" time="1.056"/>
  <system-out><![CDATA[2026-05-16 20:40:26.748 [DefaultDispatcher-worker-1 @call-context#3] INFO  io.ktor.test - No ktor.deployment.watch patterns specified, automatic reload is not active.
2026-05-16 20:40:26.968 [DefaultDispatcher-worker-1 @call-context#3] INFO  io.ktor.test - Application started in 0.23 seconds.
2026-05-16 20:40:26.970 [DefaultDispatcher-worker-2 @coroutine#5] INFO  io.ktor.test - Responding at http://localhost:80
2026-05-16 20:40:26.970 [DefaultDispatcher-worker-2 @coroutine#5] INFO  io.ktor.test - Responding at https://localhost:443
]]></system-out>
  <system-err><![CDATA[]]></system-err>
</testsuite>
